<?xml version="1.0" encoding="UTF-8"?>
<!-- Generated by org.testng.reporters.JUnitReportReporter -->
<testsuite hostname="sowjanya" failures="0" tests="4" name="Cross_Browesing.NewTest_Cross_Browese" time="38.740" errors="0" timestamp="2022-12-05T23:33:27 IST" skipped="0">
  <testcase classname="Cross_Browesing.NewTest_Cross_Browese" name="setUp" time="25.241"/>
  <system-out/>
  <testcase classname="Cross_Browesing.NewTest_Cross_Browese" name="setUp" time="2.912"/>
  <system-out/>
  <testcase classname="Cross_Browesing.NewTest_Cross_Browese" name="openUrl" time="5.372"/>
  <system-out/>
  <testcase classname="Cross_Browesing.NewTest_Cross_Browese" name="openUrl" time="5.215"/>
  <system-out/>
</testsuite> <!-- Cross_Browesing.NewTest_Cross_Browese -->
