<?xml version="1.0" encoding="UTF-8"?>
<!-- Generated by org.testng.reporters.JUnitReportReporter -->
<testsuite hostname="sowjanya" failures="0" tests="2" name="Moduler_driven_frame_work.Guru99" time="14.148" errors="0" timestamp="2022-11-23T15:18:38 IST" skipped="0">
  <testcase classname="Moduler_driven_frame_work.Guru99" name="browser" time="13.173"/>
  <system-out/>
  <testcase classname="Moduler_driven_frame_work.Guru99" name="guru" time="0.975"/>
  <system-out/>
</testsuite> <!-- Moduler_driven_frame_work.Guru99 -->
