<?xml version="1.0" encoding="UTF-8"?>
<!-- Generated by org.testng.reporters.JUnitReportReporter -->
<testsuite hostname="sowjanya" failures="0" tests="1" name="com.demo.java.ModuleDemo" time="8.896" errors="0" timestamp="2022-12-05T23:37:58 IST" skipped="0">
  <testcase classname="com.demo.java.ModuleDemo" name="login" time="8.896"/>
  <system-out/>
</testsuite> <!-- com.demo.java.ModuleDemo -->
