<?xml version="1.0" encoding="UTF-8"?>
<!-- Generated by org.testng.reporters.JUnitReportReporter -->
<testsuite hostname="sowjanya" failures="0" tests="2" name="com.qa.testcases.RegistrationPageTest" time="11.348" errors="0" timestamp="2022-12-03T19:10:29 IST" skipped="0">
  <testcase classname="com.qa.testcases.RegistrationPageTest" name="registerTest" time="8.281"/>
  <system-out/>
  <testcase classname="com.qa.testcases.RegistrationPageTest" name="registrationPageTextTest" time="3.067"/>
  <system-out/>
</testsuite> <!-- com.qa.testcases.RegistrationPageTest -->
