<?xml version="1.0" encoding="UTF-8"?>
<!-- Generated by org.testng.reporters.JUnitReportReporter -->
<testsuite hostname="sowjanya" failures="0" tests="2" name="com.qa.testcases.LoginPageTest" time="16.223" errors="0" timestamp="2022-12-03T19:49:46 IST" skipped="0">
  <testcase classname="com.qa.testcases.LoginPageTest" name="loginTest" time="13.189"/>
  <system-out/>
  <testcase classname="com.qa.testcases.LoginPageTest" name="loginPageTitle" time="3.034"/>
  <system-out/>
</testsuite> <!-- com.qa.testcases.LoginPageTest -->
