<?xml version="1.0" encoding="UTF-8"?>
<!-- Generated by org.testng.reporters.JUnitReportReporter -->
<testsuite hostname="sowjanya" failures="0" tests="1" name="com.qa.testcases.HomPageTest" time="3.033" errors="0" timestamp="2022-12-03T19:37:48 IST" skipped="0">
  <testcase classname="com.qa.testcases.HomPageTest" name="homePageTitleTest" time="3.033"/>
  <system-out/>
</testsuite> <!-- com.qa.testcases.HomPageTest -->
