<?xml version="1.0" encoding="UTF-8"?>
<!-- Generated by org.testng.reporters.JUnitReportReporter -->
<testsuite hostname="sowjanya" failures="0" tests="1" name="Base.Mercury1" time="9.018" errors="0" timestamp="2022-12-15T16:53:46 IST" skipped="0">
  <testcase classname="Base.Mercury1" name="kiran" time="9.018"/>
  <system-out/>
</testsuite> <!-- Base.Mercury1 -->
